{"name": "Connecting to the meeting as an unauthorized user", "status": "broken", "statusDetails": {"message": "selenium.common.exceptions.TimeoutException: Message:", "trace": "self = <connecting_users_to_a_meeting_via_ID_test.TestConnectingUsersToMeeting object at 0x7fdf10cdd1f0>\n\n    @pytest.mark.smoke\n    @allure.title(\"Connecting to the meeting as an unauthorized user\")\n    @allure.severity(\"Critical\")\n    def test_connecting_to_meeting_wtih_id_unauth_user(self):\n    \n        self.login_page.open()\n        self.login_page.click_enter_meet_button()\n        self.connect_to_meeting_page.is_opened()\n        self.connect_to_meeting_page.enter_meet_identifier(\"123456789\")\n        self.connect_to_meeting_page.enter_user_name(\"Cat\")\n        self.connect_to_meeting_page.click_enter_button()\n        self.meet_page.click_on_enter_without_checking_button()\n        self.meet_page.click_on_enter_without_checking_button()\n>       self.meet_page.check_enter_meet_push()\n\ntests/connecting_users_to_a_meeting_via_ID_test.py:22: \n_ _ _ _ _ _ _ _ _ _ _ _ _ _ _ _ _ _ _ _ _ _ _ _ _ _ _ _ _ _ _ _ _ _ _ _ _ _ _ _ \npages/meet_page.py:22: in check_enter_meet_push\n    self.wait.until(EC.visibility_of_element_located(self.PUSH_ENTER_MEET))\n_ _ _ _ _ _ _ _ _ _ _ _ _ _ _ _ _ _ _ _ _ _ _ _ _ _ _ _ _ _ _ _ _ _ _ _ _ _ _ _ \n\nself = <selenium.webdriver.support.wait.WebDriverWait (session=\"3a762dbcc906be6b212bf1428c979fcb\")>\nmethod = <function visibility_of_element_located.<locals>._predicate at 0x7fdf1032fa60>\nmessage = ''\n\n    def until(self, method, message: str = \"\"):\n        \"\"\"Calls the method provided with the driver as an argument until the \\\n        return value does not evaluate to ``False``.\n    \n        :param method: callable(WebDriver)\n        :param message: optional message for :exc:`TimeoutException`\n        :returns: the result of the last call to `method`\n        :raises: :exc:`selenium.common.exceptions.TimeoutException` if timeout occurs\n        \"\"\"\n        screen = None\n        stacktrace = None\n    \n        end_time = time.monotonic() + self._timeout\n        while True:\n            try:\n                value = method(self._driver)\n                if value:\n                    return value\n            except self._ignored_exceptions as exc:\n                screen = getattr(exc, \"screen\", None)\n                stacktrace = getattr(exc, \"stacktrace\", None)\n            time.sleep(self._poll)\n            if time.monotonic() > end_time:\n                break\n>       raise TimeoutException(message, screen, stacktrace)\nE       selenium.common.exceptions.TimeoutException: Message:\n\n../local/lib/python3.12/site-packages/selenium/webdriver/support/wait.py:95: TimeoutException"}, "steps": [{"name": "Open https://dev.qosyl.kz/login page", "status": "passed", "start": 1711540454806, "stop": 1711540455691}, {"name": "Click enter meet button", "status": "passed", "start": 1711540455691, "stop": 1711540456715}, {"name": "Page https://dev.qosyl.kz/meeting/ is opened", "status": "passed", "start": 1711540456715, "stop": 1711540456722}, {"name": "Enter meet identifier", "status": "passed", "parameters": [{"name": "room_id", "value": "'123456789'"}], "start": 1711540456722, "stop": 1711540456877}, {"name": "Enter user name", "status": "passed", "parameters": [{"name": "user_name", "value": "'Cat'"}], "start": 1711540456877, "stop": 1711540456974}, {"name": "Click enter button", "status": "passed", "start": 1711540456974, "stop": 1711540457079}, {"name": "Enter without cheking", "status": "passed", "start": 1711540457079, "stop": 1711540457428}, {"name": "Enter without cheking", "status": "passed", "start": 1711540457428, "stop": 1711540457607}, {"name": "Check push enter meet", "status": "broken", "statusDetails": {"message": "selenium.common.exceptions.TimeoutException: Message: \n\n", "trace": "  File \"/usr/local/lib/python3.12/site-packages/allure_commons/_allure.py\", line 192, in impl\n    return func(*a, **kw)\n           ^^^^^^^^^^^^^^\n  File \"/usr/workspace/pages/meet_page.py\", line 22, in check_enter_meet_push\n    self.wait.until(EC.visibility_of_element_located(self.PUSH_ENTER_MEET))\n  File \"/usr/local/lib/python3.12/site-packages/selenium/webdriver/support/wait.py\", line 95, in until\n    raise TimeoutException(message, screen, stacktrace)\n"}, "start": 1711540457607, "stop": 1711540467723}], "start": 1711540454806, "stop": 1711540467729, "uuid": "925106d4-0569-4f29-a539-e8adf4396262", "historyId": "e244496a848550712cfac513fce1fe60", "testCaseId": "e244496a848550712cfac513fce1fe60", "fullName": "tests.connecting_users_to_a_meeting_via_ID_test.TestConnectingUsersToMeeting#test_connecting_to_meeting_wtih_id_unauth_user", "labels": [{"name": "severity", "value": "Critical"}, {"name": "feature", "value": "Connect to meeting Functionality"}, {"name": "tag", "value": "smoke"}, {"name": "parentSuite", "value": "tests"}, {"name": "suite", "value": "connecting_users_to_a_meeting_via_ID_test"}, {"name": "subSuite", "value": "TestConnectingUsersToMeeting"}, {"name": "host", "value": "2c59927c5472"}, {"name": "thread", "value": "9-MainThread"}, {"name": "framework", "value": "pytest"}, {"name": "language", "value": "cpython3"}, {"name": "package", "value": "tests.connecting_users_to_a_meeting_via_ID_test"}]}